-0.0919717
-0.0908805
-0.0897959
-0.0887172
-0.0876439
-0.0865755
-0.0855115
-0.0844515
-0.0833952
-0.0823421
-0.081292
-0.0802446
-0.0791997
-0.0781569
-0.0771162
-0.0760773
-0.07504
-0.0740042
-0.0729697
-0.0719365
-0.0709044
-0.0698733
-0.0688431
-0.0678137
-0.066785
-0.065757
-0.0647297
-0.0637029
-0.0626766
-0.0616507
-0.0606253
-0.0596002
-0.0585755
-0.057551
-0.0565269
-0.055503
-0.0544793
-0.0534558
-0.0524326
-0.0514094
-0.0503865
-0.0493637
-0.048341
-0.0473184
-0.0462959
-0.0452735
-0.0442512
-0.043229
-0.0422068
-0.0411847
-0.0401627
-0.0391407
-0.0381187
-0.0370968
-0.036075
-0.0350531
-0.0340313
-0.0330096
-0.0319878
-0.0309661
-0.0299444
-0.0289227
-0.0279011
-0.0268794
-0.0258578
-0.0248362
-0.0238146
-0.022793
-0.0217714
-0.0207498
-0.0197282
-0.0187067
-0.0176851
-0.0166636
-0.015642
-0.0146205
-0.0135989
-0.0125774
-0.0115559
-0.0105344
-0.00951283
-0.00849131
-0.00746979
-0.00644827
-0.00542676
-0.00440525
-0.00338373
-0.00236222
-0.00134072
-0.00031921
0.000702296
0.0017238
0.00274531
0.00376681
0.00478831
0.00580981
0.00683131
0.00785282
0.00887432
