-0.00902091
-0.00901081
-0.00900071
-0.00899061
-0.00898051
-0.00897041
-0.00896031
-0.00895021
-0.00894011
-0.00893001
-0.00891992
-0.00890982
-0.00889973
-0.00888963
-0.00887954
-0.00886945
-0.00885936
-0.00884927
-0.00883918
-0.00882909
-0.008819
-0.00880891
-0.00879882
-0.00878873
-0.00877865
-0.00876856
-0.00875848
-0.00874839
-0.00873831
-0.00872823
-0.00871814
-0.00870806
-0.00869798
-0.0086879
-0.00867782
-0.00866774
-0.00865766
-0.00864758
-0.00863751
-0.00862743
-0.00861735
-0.00860728
-0.0085972
-0.00858713
-0.00857705
-0.00856698
-0.0085569
-0.00854683
-0.00853676
-0.00852669
-0.00851662
-0.00850654
-0.00849647
-0.0084864
-0.00847633
-0.00846627
-0.0084562
-0.00844613
-0.00843606
-0.00842599
-0.00841593
-0.00840586
-0.0083958
-0.00838573
-0.00837567
-0.0083656
-0.00835554
-0.00834547
-0.00833541
-0.00832535
-0.00831529
-0.00830522
-0.00829516
-0.0082851
-0.00827504
-0.00826498
-0.00825492
-0.00824486
-0.0082348
-0.00822474
-0.00821469
-0.00820463
-0.00819457
-0.00818451
-0.00817446
-0.0081644
-0.00815434
-0.00814429
-0.00813423
-0.00812418
-0.00811412
-0.00810407
-0.00809401
-0.00808396
-0.00807391
-0.00806385
-0.0080538
-0.00804375
-0.00803369
-0.00802364
-0.00801359
-0.00800354
-0.00799349
-0.00798344
-0.00797339
-0.00796334
-0.00795329
-0.00794324
-0.00793319
-0.00792314
-0.00791309
-0.00790304
-0.00789299
-0.00788295
-0.0078729
-0.00786285
-0.0078528
-0.00784276
-0.00783271
-0.00782266
-0.00781262
-0.00780257
-0.00779253
-0.00778248
-0.00777244
-0.00776239
-0.00775235
-0.0077423
-0.00773226
-0.00772221
-0.00771217
-0.00770213
-0.00769208
-0.00768204
-0.007672
-0.00766195
-0.00765191
-0.00764187
-0.00763183
-0.00762179
-0.00761174
-0.0076017
-0.00759166
-0.00758162
-0.00757158
-0.00756154
-0.0075515
-0.00754146
-0.00753142
-0.00752138
-0.00751134
-0.0075013
-0.00749126
-0.00748122
-0.00747118
-0.00746114
-0.0074511
-0.00744107
-0.00743103
-0.00742099
-0.00741095
-0.00740091
-0.00739088
-0.00738084
-0.0073708
-0.00736076
-0.00735073
-0.00734069
-0.00733065
-0.00732062
-0.00731058
-0.00730055
-0.00729051
-0.00728047
-0.00727044
-0.0072604
-0.00725037
-0.00724033
-0.0072303
-0.00722026
-0.00721023
-0.00720019
-0.00719016
-0.00718012
-0.00717009
-0.00716005
-0.00715002
-0.00713999
-0.00712995
-0.00711992
-0.00710988
-0.00709985
-0.00708982
-0.00707978
-0.00706975
-0.00705972
-0.00704969
-0.00703965
-0.00702962
-0.00701959
-0.00700956
-0.00699952
-0.00698949
-0.00697946
-0.00696943
-0.00695939
-0.00694936
-0.00693933
-0.0069293
-0.00691927
-0.00690924
-0.00689921
-0.00688917
-0.00687914
-0.00686911
-0.00685908
-0.00684905
-0.00683902
-0.00682899
-0.00681896
-0.00680893
-0.0067989
-0.00678887
-0.00677884
-0.00676881
-0.00675878
-0.00674875
-0.00673872
-0.00672869
-0.00671866
-0.00670863
-0.0066986
-0.00668857
-0.00667854
-0.00666851
-0.00665848
-0.00664845
-0.00663843
-0.0066284
-0.00661837
-0.00660834
-0.00659831
-0.00658828
-0.00657825
-0.00656823
-0.0065582
-0.00654817
-0.00653814
-0.00652811
-0.00651808
-0.00650806
-0.00649803
-0.006488
-0.00647797
-0.00646794
-0.00645792
-0.00644789
-0.00643786
-0.00642783
-0.00641781
-0.00640778
-0.00639775
-0.00638773
-0.0063777
-0.00636767
-0.00635764
-0.00634762
-0.00633759
-0.00632756
-0.00631754
-0.00630751
-0.00629748
-0.00628746
-0.00627743
-0.0062674
-0.00625738
-0.00624735
-0.00623732
-0.0062273
-0.00621727
-0.00620724
-0.00619722
-0.00618719
-0.00617717
-0.00616714
-0.00615711
-0.00614709
-0.00613706
-0.00612704
-0.00611701
-0.00610698
-0.00609696
-0.00608693
-0.00607691
-0.00606688
-0.00605686
-0.00604683
-0.00603681
-0.00602678
-0.00601676
-0.00600673
-0.0059967
-0.00598668
-0.00597665
-0.00596663
-0.0059566
-0.00594658
-0.00593655
-0.00592653
-0.0059165
-0.00590648
-0.00589645
-0.00588643
-0.0058764
-0.00586638
-0.00585635
-0.00584633
-0.00583631
-0.00582628
-0.00581626
-0.00580623
-0.00579621
-0.00578618
-0.00577616
-0.00576613
-0.00575611
-0.00574608
-0.00573606
-0.00572604
-0.00571601
-0.00570599
-0.00569596
-0.00568594
-0.00567591
-0.00566589
-0.00565587
-0.00564584
-0.00563582
-0.00562579
-0.00561577
-0.00560575
-0.00559572
-0.0055857
-0.00557567
-0.00556565
-0.00555563
-0.0055456
-0.00553558
-0.00552556
-0.00551553
-0.00550551
-0.00549548
-0.00548546
-0.00547544
-0.00546541
-0.00545539
-0.00544537
-0.00543534
-0.00542532
-0.0054153
-0.00540527
-0.00539525
-0.00538523
-0.0053752
-0.00536518
-0.00535516
-0.00534513
-0.00533511
-0.00532509
-0.00531506
-0.00530504
-0.00529502
-0.00528499
-0.00527497
-0.00526495
-0.00525492
-0.0052449
-0.00523488
-0.00522485
-0.00521483
-0.00520481
-0.00519478
-0.00518476
-0.00517474
-0.00516472
-0.00515469
-0.00514467
-0.00513465
-0.00512462
-0.0051146
-0.00510458
-0.00509456
-0.00508453
-0.00507451
-0.00506449
-0.00505446
-0.00504444
-0.00503442
-0.0050244
-0.00501437
-0.00500435
-0.00499433
-0.0049843
-0.00497428
-0.00496426
-0.00495424
-0.00494421
-0.00493419
-0.00492417
-0.00491415
-0.00490412
-0.0048941
-0.00488408
-0.00487406
-0.00486403
-0.00485401
-0.00484399
-0.00483397
-0.00482394
-0.00481392
-0.0048039
-0.00479388
-0.00478385
-0.00477383
-0.00476381
-0.00475379
-0.00474376
-0.00473374
-0.00472372
-0.0047137
-0.00470367
-0.00469365
-0.00468363
-0.00467361
-0.00466359
-0.00465356
-0.00464354
-0.00463352
-0.0046235
-0.00461347
-0.00460345
-0.00459343
-0.00458341
-0.00457339
-0.00456336
-0.00455334
-0.00454332
-0.0045333
-0.00452327
-0.00451325
-0.00450323
-0.00449321
-0.00448319
-0.00447316
-0.00446314
-0.00445312
-0.0044431
-0.00443308
-0.00442305
-0.00441303
-0.00440301
-0.00439299
-0.00438297
-0.00437294
-0.00436292
-0.0043529
-0.00434288
-0.00433286
-0.00432283
-0.00431281
-0.00430279
-0.00429277
-0.00428275
-0.00427272
-0.0042627
-0.00425268
-0.00424266
-0.00423264
-0.00422261
-0.00421259
-0.00420257
-0.00419255
-0.00418253
-0.00417251
-0.00416248
-0.00415246
-0.00414244
-0.00413242
-0.0041224
-0.00411237
-0.00410235
-0.00409233
-0.00408231
-0.00407229
-0.00406226
-0.00405224
-0.00404222
-0.0040322
-0.00402218
-0.00401216
-0.00400213
-0.00399211
-0.00398209
-0.00397207
-0.00396205
-0.00395203
-0.003942
-0.00393198
-0.00392196
-0.00391194
-0.00390192
-0.0038919
-0.00388187
-0.00387185
-0.00386183
-0.00385181
-0.00384179
-0.00383177
-0.00382174
-0.00381172
-0.0038017
-0.00379168
-0.00378166
-0.00377164
-0.00376161
-0.00375159
-0.00374157
-0.00373155
-0.00372153
-0.00371151
-0.00370148
-0.00369146
-0.00368144
-0.00367142
-0.0036614
-0.00365138
-0.00364135
-0.00363133
-0.00362131
-0.00361129
-0.00360127
-0.00359125
-0.00358122
-0.0035712
-0.00356118
-0.00355116
-0.00354114
-0.00353112
-0.0035211
-0.00351107
-0.00350105
-0.00349103
-0.00348101
-0.00347099
-0.00346097
-0.00345094
-0.00344092
-0.0034309
-0.00342088
-0.00341086
-0.00340084
-0.00339082
-0.00338079
-0.00337077
-0.00336075
-0.00335073
-0.00334071
-0.00333069
-0.00332067
-0.00331064
-0.00330062
-0.0032906
-0.00328058
-0.00327056
-0.00326054
-0.00325051
-0.00324049
-0.00323047
-0.00322045
-0.00321043
-0.00320041
-0.00319039
-0.00318036
-0.00317034
-0.00316032
-0.0031503
-0.00314028
-0.00313026
-0.00312024
-0.00311021
-0.00310019
-0.00309017
-0.00308015
-0.00307013
-0.00306011
-0.00305009
-0.00304006
-0.00303004
-0.00302002
-0.00301
-0.00299998
-0.00298996
-0.00297994
-0.00296991
-0.00295989
-0.00294987
-0.00293985
-0.00292983
-0.00291981
-0.00290979
-0.00289977
-0.00288974
-0.00287972
-0.0028697
-0.00285968
-0.00284966
-0.00283964
-0.00282962
-0.00281959
-0.00280957
-0.00279955
-0.00278953
-0.00277951
-0.00276949
-0.00275947
-0.00274944
-0.00273942
-0.0027294
-0.00271938
-0.00270936
-0.00269934
-0.00268932
-0.0026793
-0.00266927
-0.00265925
-0.00264923
-0.00263921
-0.00262919
-0.00261917
-0.00260915
-0.00259912
-0.0025891
-0.00257908
-0.00256906
-0.00255904
-0.00254902
-0.002539
-0.00252898
-0.00251895
-0.00250893
-0.00249891
-0.00248889
-0.00247887
-0.00246885
-0.00245883
-0.0024488
-0.00243878
-0.00242876
-0.00241874
-0.00240872
-0.0023987
-0.00238868
-0.00237866
-0.00236863
-0.00235861
-0.00234859
-0.00233857
-0.00232855
-0.00231853
-0.00230851
-0.00229848
-0.00228846
-0.00227844
-0.00226842
-0.0022584
-0.00224838
-0.00223836
-0.00222834
-0.00221831
-0.00220829
-0.00219827
-0.00218825
-0.00217823
-0.00216821
-0.00215819
-0.00214817
-0.00213814
-0.00212812
-0.0021181
-0.00210808
-0.00209806
-0.00208804
-0.00207802
-0.002068
-0.00205797
-0.00204795
-0.00203793
-0.00202791
-0.00201789
-0.00200787
-0.00199785
-0.00198782
-0.0019778
-0.00196778
-0.00195776
-0.00194774
-0.00193772
-0.0019277
-0.00191768
-0.00190765
-0.00189763
-0.00188761
-0.00187759
-0.00186757
-0.00185755
-0.00184753
-0.00183751
-0.00182748
-0.00181746
-0.00180744
-0.00179742
-0.0017874
-0.00177738
-0.00176736
-0.00175734
-0.00174731
-0.00173729
-0.00172727
-0.00171725
-0.00170723
-0.00169721
-0.00168719
-0.00167717
-0.00166714
-0.00165712
-0.0016471
-0.00163708
-0.00162706
-0.00161704
-0.00160702
-0.001597
-0.00158697
-0.00157695
-0.00156693
-0.00155691
-0.00154689
-0.00153687
-0.00152685
-0.00151683
-0.0015068
-0.00149678
-0.00148676
-0.00147674
-0.00146672
-0.0014567
-0.00144668
-0.00143666
-0.00142663
-0.00141661
-0.00140659
-0.00139657
-0.00138655
-0.00137653
-0.00136651
-0.00135649
-0.00134646
-0.00133644
-0.00132642
-0.0013164
-0.00130638
-0.00129636
-0.00128634
-0.00127632
-0.00126629
-0.00125627
-0.00124625
-0.00123623
-0.00122621
-0.00121619
-0.00120617
-0.00119615
-0.00118612
-0.0011761
-0.00116608
-0.00115606
-0.00114604
-0.00113602
-0.001126
-0.00111598
-0.00110595
-0.00109593
-0.00108591
-0.00107589
-0.00106587
-0.00105585
-0.00104583
-0.00103581
-0.00102579
-0.00101576
-0.00100574
-0.000995721
-0.0009857
-0.000975679
-0.000965658
-0.000955636
-0.000945615
-0.000935594
-0.000925573
-0.000915552
-0.00090553
-0.000895509
-0.000885488
-0.000875467
-0.000865445
-0.000855424
-0.000845403
-0.000835382
-0.000825361
-0.000815339
-0.000805318
-0.000795297
-0.000785276
-0.000775254
-0.000765233
-0.000755212
-0.000745191
-0.00073517
-0.000725148
-0.000715127
-0.000705106
-0.000695085
-0.000685063
-0.000675042
-0.000665021
-0.000655
-0.000644979
-0.000634957
-0.000624936
-0.000614915
-0.000604894
-0.000594872
-0.000584851
-0.00057483
-0.000564809
-0.000554788
-0.000544766
-0.000534745
-0.000524724
-0.000514703
-0.000504681
-0.00049466
-0.000484639
-0.000474618
-0.000464597
-0.000454575
-0.000444554
-0.000434533
-0.000424512
-0.000414491
-0.000404469
-0.000394448
-0.000384427
-0.000374406
-0.000364384
-0.000354363
-0.000344342
-0.000334321
-0.0003243
-0.000314278
-0.000304257
-0.000294236
-0.000284215
-0.000274194
-0.000264172
-0.000254151
-0.00024413
-0.000234109
-0.000224087
-0.000214066
-0.000204045
-0.000194024
-0.000184003
-0.000173981
-0.00016396
-0.000153939
-0.000143918
-0.000133897
-0.000123875
-0.000113854
-0.000103833
-9.38117e-05
-8.37905e-05
-7.37693e-05
-6.37481e-05
-5.37269e-05
-4.37057e-05
-3.36845e-05
-2.36632e-05
-1.3642e-05
-3.62082e-06
6.40039e-06
1.64216e-05
2.64428e-05
3.6464e-05
4.64852e-05
5.65064e-05
6.65276e-05
7.65489e-05
8.65701e-05
9.65913e-05
0.000106612
0.000116634
0.000126655
0.000136676
0.000146697
0.000156719
0.00016674
0.000176761
0.000186782
0.000196803
0.000206825
0.000216846
0.000226867
0.000236888
0.000246909
0.000256931
0.000266952
0.000276973
0.000286994
0.000297015
0.000307037
0.000317058
0.000327079
0.0003371
0.000347121
0.000357143
0.000367164
0.000377185
0.000387206
0.000397228
0.000407249
0.00041727
0.000427291
0.000437312
0.000447334
0.000457355
0.000467376
0.000477397
0.000487418
0.00049744
0.000507461
0.000517482
0.000527503
0.000537524
0.000547546
0.000557567
0.000567588
0.000577609
0.00058763
0.000597652
0.000607673
0.000617694
0.000627715
0.000637736
0.000647758
0.000657779
0.0006678
0.000677821
0.000687842
0.000697864
0.000707885
0.000717906
0.000727927
0.000737949
0.00074797
0.000757991
0.000768012
0.000778033
0.000788055
0.000798076
0.000808097
0.000818118
0.000828139
0.000838161
0.000848182
0.000858203
0.000868224
0.000878245
0.000888267
0.000898288
0.000908309
0.00091833
0.000928351
0.000938373
0.000948394
0.000958415
0.000968436
0.000978457
0.000988479
